[2016-07-28 18:19:43] admin.INFO: Wylogowano użytkownika z panelu administracyjnego. {"admin":"admin (Jan Kowalski)","ip":"::1"} []
[2016-07-28 18:20:22] admin.INFO: Wylogowano użytkownika z panelu administracyjnego. {"admin":"admin (Jan Kowalski)","ip":"::1"} []
[2016-07-28 18:20:25] admin.INFO: Zalogowano użytkownika do panelu administracyjnego. {"admin":"admin (Jan Kowalski)","ip":"::1"} []
[2016-07-28 19:00:29] admin.INFO: Zalogowano użytkownika do panelu administracyjnego. {"admin":"admin (Jan Kowalski)","ip":"::1"} []
[2016-07-28 19:13:52] admin.ERROR: Nie znaleziono strony.  {"controller":"AdminUserController","action":"getCreate","ip":"::1"} []
[2016-07-28 19:13:55] admin.ERROR: Nie znaleziono strony.  {"controller":"AdminUserController","action":"getCreate","ip":"::1"} []
[2016-07-28 19:14:14] admin.INFO: Wylogowano użytkownika z panelu administracyjnego. {"admin":"admin (Jan Kowalski)","ip":"::1"} []
[2016-07-29 13:05:27] admin.INFO: Zalogowano użytkownika do panelu administracyjnego. {"admin":"admin (Jan Kowalski)","ip":"::1"} []
[2016-07-29 13:43:06] admin.WARNING: Błąd CSRF {"form":"http://localhost/STRONY_WWW_2016/slim/admin.php/user/new","ip":"::1"} []
[2016-07-29 13:45:21] admin.WARNING: Błąd CSRF {"form":"http://localhost/STRONY_WWW_2016/slim/admin.php/user/new","ip":"::1"} []
[2016-07-29 13:45:44] admin.INFO: Zalogowano użytkownika do panelu administracyjnego. {"admin":"admin (Jan Kowalski)","ip":"::1"} []
[2016-07-29 13:46:49] admin.WARNING: Błąd CSRF {"form":"http://localhost/STRONY_WWW_2016/slim/admin.php/user/create","ip":"::1"} []
[2016-07-29 13:48:55] admin.WARNING: Błąd CSRF {"form":"http://localhost/STRONY_WWW_2016/slim/admin.php/user/create","ip":"::1"} []
[2016-07-29 13:59:35] admin.WARNING: Błąd CSRF {"form":"http://localhost/STRONY_WWW_2016/slim/admin.php/user/create","ip":"::1"} []
[2016-07-29 14:10:55] admin.WARNING: Błąd CSRF {"form":"http://localhost/STRONY_WWW_2016/slim/admin.php/user/create","ip":"::1"} []
[2016-07-29 14:20:02] admin.WARNING: Błąd CSRF {"form":"http://localhost/STRONY_WWW_2016/slim/admin.php/user/create","ip":"::1"} []
[2016-07-29 14:23:34] admin.WARNING: Błąd CSRF {"form":"http://localhost/STRONY_WWW_2016/slim/admin.php/user/new","ip":"::1"} []
[2016-07-29 14:37:31] admin.WARNING: Błąd CSRF {"form":"http://localhost/STRONY_WWW_2016/slim/admin.php/user/create","ip":"::1"} []
[2016-07-29 14:37:35] admin.INFO: Zalogowano użytkownika do panelu administracyjnego. {"admin":"admin (Jan Kowalski)","ip":"::1"} []
[2016-07-29 14:39:47] admin.INFO: Wylogowano użytkownika z panelu administracyjnego. {"admin":"admin (Jan Kowalski)","ip":"::1"} []
[2016-07-29 14:39:55] admin.WARNING: Użytkownik podał złe hasło do panelu administracyjnego. {"admin":"admin (Jan Kowalski)","haslo":"admin667","ip":"::1"} []
[2016-07-29 14:39:57] admin.WARNING: Błąd CSRF {"form":"http://localhost/STRONY_WWW_2016/slim/admin.php/home/login","ip":"::1"} []
[2016-07-29 14:40:01] admin.INFO: Zalogowano użytkownika do panelu administracyjnego. {"admin":"admin (Jan Kowalski)","ip":"::1"} []
[2016-07-29 14:45:06] admin.ERROR: Błąd bazy danych. Unknown column 'lukasz' in 'field list' {"code":"42S22","ip":"::1"} []
[2016-07-29 14:49:45] admin.ERROR: Nie znaleziono strony.  {"controller":"AdminUserController","action":"getEdit","ip":"::1"} []
[2016-07-29 15:10:25] admin.ERROR: Błąd bazy danych. You have an error in your SQL syntax; check the manual that corresponds to your MySQL server version for the right syntax to use near '"login" != 'lukasz2'' at line 1 {"code":"42000","ip":"::1"} []
[2016-07-29 15:10:38] admin.ERROR: Błąd bazy danych. You have an error in your SQL syntax; check the manual that corresponds to your MySQL server version for the right syntax to use near '"login" != 'lukasz2'' at line 1 {"code":"42000","ip":"::1"} []
[2016-07-30 11:48:28] admin.INFO: Zalogowano użytkownika do panelu administracyjnego. {"admin":"admin (Jan Kowalski)","ip":"::1"} []
[2016-07-30 12:28:38] admin.INFO: Zalogowano użytkownika do panelu administracyjnego. {"admin":"admin (Jan Kowalski)","ip":"::1"} []
[2016-07-30 12:52:18] admin.ERROR: ImageMagick module not available with this PHP installation. {"ip":"::1"} []
[2016-07-30 13:06:38] admin.INFO: Wylogowano użytkownika z panelu administracyjnego. {"admin":"admin (Jan Kowalski)","ip":"::1"} []
[2016-07-30 13:06:46] admin.INFO: Zalogowano użytkownika do panelu administracyjnego. {"admin":"test (Łukasz Kowalski)","ip":"::1"} []
[2016-07-30 13:06:51] admin.INFO: Wylogowano użytkownika z panelu administracyjnego. {"admin":"test (Łukasz Kowalski)","ip":"::1"} []
[2016-07-30 13:06:54] admin.INFO: Zalogowano użytkownika do panelu administracyjnego. {"admin":"admin (Jan Kowalski)","ip":"::1"} []
[2016-07-30 13:08:17] admin.ERROR: Unable to read image from file (K:\HTDOCS\STRONY_WWW_2016\slim//public/uploads/users/baza-noclegowa-wyobrazenie.pdf). {"ip":"::1"} []
[2016-07-30 13:09:06] admin.ERROR: Unable to read image from file (K:\HTDOCS\STRONY_WWW_2016\slim//public/uploads/users/1469876946579c8ad21df20.pdf). {"ip":"::1"} []
[2016-07-30 13:09:11] admin.INFO: Wylogowano użytkownika z panelu administracyjnego. {"admin":"admin (Jan Kowalski)","ip":"::1"} []
[2016-07-30 13:09:13] admin.INFO: Zalogowano użytkownika do panelu administracyjnego. {"admin":"admin (Jan Kowalski)","ip":"::1"} []
[2016-07-30 13:09:38] admin.ERROR: Unable to read image from file (K:\HTDOCS\STRONY_WWW_2016\slim//public/uploads/users/1469876978579c8af24fb74.pdf). {"ip":"::1"} []
[2016-07-30 13:16:12] admin.ERROR: Unable to read image from file (K:\HTDOCS\STRONY_WWW_2016\slim//public/uploads/users/1469877372579c8c7c9004a.pdf). {"ip":"::1"} []
[2016-07-30 13:53:48] admin.INFO: Zalogowano użytkownika do panelu administracyjnego. {"admin":"admin (Jan Kowalski)","ip":"::1"} []
[2016-07-30 13:59:39] admin.INFO: Wylogowano użytkownika z panelu administracyjnego. {"admin":"admin (Jan Kowalski)","ip":"::1"} []
[2016-07-30 14:00:15] admin.INFO: Zalogowano użytkownika do panelu administracyjnego. {"admin":"admin (Jan Kowalski)","ip":"::1"} []
[2016-07-30 14:00:17] admin.INFO: Wylogowano użytkownika z panelu administracyjnego. {"admin":"admin (Jan Kowalski)","ip":"::1"} []
[2016-07-30 14:00:22] admin.WARNING: Użytkownik podał złe hasło do panelu administracyjnego. {"admin":"lukasz2 (Jan Kowalski)","haslo":"qwerty","ip":"::1"} []
[2016-07-30 14:00:47] admin.WARNING: Użytkownik podał złe hasło do panelu administracyjnego. {"admin":"lukasz2 (Jan Kowalski)","haslo":"qwerty","ip":"::1"} []
[2016-07-30 14:01:38] admin.INFO: Zalogowano użytkownika do panelu administracyjnego. {"admin":"admin (Jan Kowalski)","ip":"::1"} []
[2016-07-30 14:01:41] admin.INFO: Wylogowano użytkownika z panelu administracyjnego. {"admin":"admin (Jan Kowalski)","ip":"::1"} []
[2016-07-30 14:01:55] admin.WARNING: Użytkownik podał złe hasło do panelu administracyjnego. {"admin":"lukasz (Jan Kowalski)","haslo":"qwerty","ip":"::1"} []
[2016-07-30 14:02:10] admin.WARNING: Błąd CSRF {"form":"http://localhost/STRONY_WWW_2016/slim/admin.php/home/login","ip":"::1"} []
[2016-07-30 14:02:14] admin.INFO: Zalogowano użytkownika do panelu administracyjnego. {"admin":"admin (Jan Kowalski)","ip":"::1"} []
[2016-07-30 14:02:17] admin.INFO: Wylogowano użytkownika z panelu administracyjnego. {"admin":"admin (Jan Kowalski)","ip":"::1"} []
[2016-07-30 14:02:20] admin.INFO: Zalogowano użytkownika do panelu administracyjnego. {"admin":"admin (Jan Kowalski)","ip":"::1"} []
[2016-07-30 14:02:39] admin.INFO: Wylogowano użytkownika z panelu administracyjnego. {"admin":"admin (Jan Kowalski)","ip":"::1"} []
[2016-07-30 14:02:49] admin.WARNING: Użytkownik podał złe hasło do panelu administracyjnego. {"admin":"lukasz2 (Jan Kowalski)","haslo":"qwerty","ip":"::1"} []
[2016-07-30 14:03:49] admin.WARNING: Użytkownik podał złe hasło do panelu administracyjnego. {"admin":"lukasz2 (Jan Kowalski)","haslo":"qwerty","ip":"::1"} []
[2016-07-30 14:04:25] admin.WARNING: Użytkownik podał złe hasło do panelu administracyjnego. {"admin":"llll (1 1)","haslo":"llllll","ip":"::1"} []
[2016-07-30 14:05:55] admin.INFO: Zalogowano użytkownika do panelu administracyjnego. {"admin":"admin (Jan Kowalski)","ip":"::1"} []
[2016-07-30 15:03:36] admin.INFO: Zalogowano użytkownika do panelu administracyjnego. {"admin":"admin (Jan Kowalski)","ip":"::1"} []
[2016-07-30 15:18:58] admin.ERROR: Nie znaleziono strony.  {"controller":"AdminPageController","action":"getIndex","ip":"::1"} []
[2016-07-30 15:43:59] admin.INFO: Zalogowano użytkownika do panelu administracyjnego. {"admin":"admin (Jan Kowalski)","ip":"::1"} []
[2016-07-30 15:59:31] admin.ERROR: Błąd bazy danych. Unknown column 'meta_description' in 'field list' {"code":"00000","ip":"::1"} []
[2016-07-30 16:00:51] admin.ERROR: Błąd bazy danych. Unknown column 'meta_description' in 'field list' {"code":"00000","ip":"::1"} []
[2016-07-30 16:03:45] admin.ERROR: Błąd bazy danych. Unknown column 'login' in 'where clause' {"code":"42S22","ip":"::1"} []
[2016-07-30 16:03:45] admin.ERROR: Błąd bazy danych. Unknown column 'login' in 'where clause' {"code":"42S22","ip":"::1"} []
[2016-07-30 16:12:11] admin.ERROR: Błąd bazy danych. Unknown column 'slim_newss.created_at' in 'order clause' {"code":"42S22","ip":"::1"} []
[2016-07-30 16:24:36] admin.INFO: Zalogowano użytkownika do panelu administracyjnego. {"admin":"admin (Jan Kowalski)","ip":"::1"} []
[2016-07-31 13:05:39] admin.INFO: Zalogowano użytkownika do panelu administracyjnego. {"admin":"admin (Jan Kowalski)","ip":"::1"} []
[2016-07-31 14:13:34] admin.INFO: Zalogowano użytkownika do panelu administracyjnego. {"admin":"admin (Jan Kowalski)","ip":"::1"} []
[2016-07-31 14:33:23] admin.ERROR: Upload target path is not writable {"ip":"::1"} []
[2016-07-31 15:04:33] admin.INFO: Zalogowano użytkownika do panelu administracyjnego. {"admin":"admin (Jan Kowalski)","ip":"::1"} []
[2016-07-31 15:04:48] admin.INFO: Zalogowano użytkownika do panelu administracyjnego. {"admin":"admin (Jan Kowalski)","ip":"::1"} []
[2016-07-31 15:04:59] admin.ERROR: Błąd bazy danych. Unknown column 'ref_id' in 'where clause' {"code":"42S22","ip":"::1"} []
[2016-07-31 15:04:59] admin.ERROR: Błąd bazy danych. Unknown column 'ref_id' in 'where clause' {"code":"42S22","ip":"::1"} []
[2016-07-31 15:04:59] admin.ERROR: View [admin.galeria.show] not found. {"ip":"::1"} []
[2016-07-31 15:23:27] admin.ERROR: Błąd bazy danych. Unknown column 'ref_id' in 'where clause' {"code":"42S22","ip":"::1"} []
[2016-07-31 15:23:27] admin.ERROR: Błąd bazy danych. Unknown column 'ref_id' in 'where clause' {"code":"42S22","ip":"::1"} []
[2016-07-31 15:24:07] admin.ERROR: Błąd bazy danych. Unknown column 'ref_id' in 'where clause' {"code":"42S22","ip":"::1"} []
[2016-07-31 15:24:07] admin.ERROR: Błąd bazy danych. Unknown column 'ref_id' in 'where clause' {"code":"42S22","ip":"::1"} []
[2016-07-31 15:24:34] admin.ERROR: Błąd bazy danych. Unknown column 'ref_id' in 'where clause' {"code":"42S22","ip":"::1"} []
[2016-07-31 15:24:34] admin.ERROR: Błąd bazy danych. Unknown column 'ref_id' in 'where clause' {"code":"42S22","ip":"::1"} []
[2016-07-31 15:24:39] admin.ERROR: Błąd bazy danych. Unknown column 'ref_id' in 'where clause' {"code":"42S22","ip":"::1"} []
[2016-07-31 15:24:39] admin.ERROR: Błąd bazy danych. Unknown column 'ref_id' in 'where clause' {"code":"42S22","ip":"::1"} []
[2016-07-31 15:44:54] admin.INFO: Zalogowano użytkownika do panelu administracyjnego. {"admin":"admin (Jan Kowalski)","ip":"::1"} []
[2016-07-31 16:25:07] admin.INFO: Zalogowano użytkownika do panelu administracyjnego. {"admin":"admin (Jan Kowalski)","ip":"::1"} []
[2016-07-31 19:03:47] admin.INFO: Zalogowano użytkownika do panelu administracyjnego. {"admin":"admin (Jan Kowalski)","ip":"::1"} []
[2016-07-31 19:44:08] admin.INFO: Zalogowano użytkownika do panelu administracyjnego. {"admin":"admin (Jan Kowalski)","ip":"::1"} []
[2016-07-31 19:47:05] admin.ERROR: Nie znaleziono strony.  {"controller":"AdminFotoController","action":"getKolejnosc","ip":"::1"} []
[2016-07-31 19:47:06] admin.ERROR: Nie znaleziono strony.  {"controller":"AdminFotoController","action":"getKolejnosc","ip":"::1"} []
[2016-07-31 19:47:08] admin.ERROR: Nie znaleziono strony.  {"controller":"AdminFotoController","action":"getKolejnosc","ip":"::1"} []
[2016-07-31 19:47:58] admin.ERROR: Nie znaleziono strony.  {"controller":"AdminFotoController","action":"getKolejnosc","ip":"::1"} []
[2016-07-31 19:47:59] admin.ERROR: Nie znaleziono strony.  {"controller":"AdminFotoController","action":"getKolejnosc","ip":"::1"} []
[2016-07-31 19:48:00] admin.ERROR: Nie znaleziono strony.  {"controller":"AdminFotoController","action":"getKolejnosc","ip":"::1"} []
[2016-07-31 19:48:10] admin.ERROR: Nie znaleziono strony.  {"controller":"AdminFotoController","action":"getKolejnosc","ip":"::1"} []
[2016-07-31 19:51:55] admin.ERROR: Nie znaleziono strony.  {"controller":"AdminFotoController","action":"getKolejnosc","ip":"::1"} []
[2016-07-31 19:51:58] admin.ERROR: Nie znaleziono strony.  {"controller":"AdminFotoController","action":"getKolejnosc","ip":"::1"} []
[2016-07-31 19:52:01] admin.ERROR: Nie znaleziono strony.  {"controller":"AdminFotoController","action":"getKolejnosc","ip":"::1"} []
[2016-07-31 19:54:06] admin.ERROR: Nie znaleziono strony.  {"controller":"AdminFotoController","action":"getKolejnosc","ip":"::1"} []
[2016-07-31 19:54:34] admin.ERROR: Nie znaleziono strony.  {"controller":"AdminFotoController","action":"getKolejnosc","ip":"::1"} []
[2016-07-31 19:54:39] admin.ERROR: Nie znaleziono strony.  {"controller":"AdminFotoController","action":"getKolejnosc","ip":"::1"} []
[2016-07-31 19:54:41] admin.ERROR: Nie znaleziono strony.  {"controller":"AdminFotoController","action":"getKolejnosc","ip":"::1"} []
[2016-07-31 20:22:26] admin.ERROR: Identifier "_medoo" is not defined. {"ip":"::1"} []
[2016-07-31 20:24:54] admin.INFO: Zalogowano użytkownika do panelu administracyjnego. {"admin":"admin (Jan Kowalski)","ip":"::1"} []
